Using pre-set license
Built from '2020.2/staging' branch; Version is '2020.2.3f1 (8ff31bc5bf5b) revision 9433883'; Using compiler version '192528614'; Build Type 'Release'
OS: 'Windows 10 Home; OS build 18363.1379; Version 1909; 64bit' Language: 'en' Physical Memory: 32612 MB
BatchMode: 1, IsHumanControllingUs: 0, StartBugReporterOnCrash: 0, Is64bit: 1, IsPro: 0

 COMMAND LINE ARGUMENTS:
D:\Unity\2020.2.3f1\Editor\Unity.exe
-adb2
-batchMode
-noUpm
-name
AssetImportWorker0
-projectPath
D:/Projects/FEB-Course
-logFile
Logs/AssetImportWorker0.log
-srvPort
64017
Successfully changed project path to: D:/Projects/FEB-Course
D:/Projects/FEB-Course
Using Asset Import Pipeline V2.
Refreshing native plugins compatible for Editor in 26.70 ms, found 0 plugins.
Preloading 0 native plugins for Editor in 0.00 ms.
Initialize engine version: 2020.2.3f1 (8ff31bc5bf5b)
[Subsystems] Discovering subsystems at path D:/Unity/2020.2.3f1/Editor/Data/Resources/UnitySubsystems
[Subsystems] Discovering subsystems at path D:/Projects/FEB-Course/Assets
GfxDevice: creating device client; threaded=0
Direct3D:
    Version:  Direct3D 11.0 [level 11.1]
    Renderer: NVIDIA GeForce RTX 2070 with Max-Q Design (ID=0x1f10)
    Vendor:   
    VRAM:     8031 MB
    Driver:   27.21.14.6089
Initialize mono
Mono path[0] = 'D:/Unity/2020.2.3f1/Editor/Data/Managed'
Mono path[1] = 'D:/Unity/2020.2.3f1/Editor/Data/MonoBleedingEdge/lib/mono/unityjit'
Mono config path = 'D:/Unity/2020.2.3f1/Editor/Data/MonoBleedingEdge/etc'
Using monoOptions --debugger-agent=transport=dt_socket,embedding=1,server=y,suspend=n,address=127.0.0.1:56168
Begin MonoManager ReloadAssembly
Registering precompiled unity dll's ...
Register platform support module: D:/Unity/2020.2.3f1/Editor/Data/PlaybackEngines/WindowsStandaloneSupport/UnityEditor.WindowsStandalone.Extensions.dll
Registered in 0.001054 seconds.
Native extension for WindowsStandalone target not found
Refreshing native plugins compatible for Editor in 30.75 ms, found 0 plugins.
Preloading 0 native plugins for Editor in 0.00 ms.
Invoked RoslynAnalysisRunner static constructor.
RoslynAnalysisRunner will not be running.
RoslynAnalysisRunner has terminated.
Mono: successfully reloaded assembly
- Completed reload, in  2.305 seconds
Platform modules already initialized, skipping
Registering precompiled user dll's ...
Registered in 0.000646 seconds.
Begin MonoManager ReloadAssembly
Native extension for WindowsStandalone target not found
Refreshing native plugins compatible for Editor in 0.27 ms, found 0 plugins.
Preloading 0 native plugins for Editor in 0.00 ms.
Invoked RoslynAnalysisRunner static constructor.
RoslynAnalysisRunner will not be running.
RoslynAnalysisRunner has terminated.
Mono: successfully reloaded assembly
- Completed reload, in  0.823 seconds
Platform modules already initialized, skipping
========================================================================
Worker process is ready to serve import requests
Launched and connected shader compiler UnityShaderCompiler.exe after 0.04 seconds
Refreshing native plugins compatible for Editor in 0.26 ms, found 0 plugins.
Preloading 0 native plugins for Editor in 0.00 ms.
Unloading 1421 Unused Serialized files (Serialized files now loaded: 0)
System memory in use before: 66.1 MB.
System memory in use after: 66.1 MB.

Unloading 10 unused Assets to reduce memory usage. Loaded Objects now: 1863.
Total: 1.779900 ms (FindLiveObjects: 0.147200 ms CreateObjectMapping: 0.060100 ms MarkObjects: 1.508100 ms  DeleteObjects: 0.063300 ms)

========================================================================
Received Import Request.
  path: Assets/Plugins/Android/launcherTemplate.gradle
  artifactKey: Guid(36f64192ad0d676408ecf36a086256ec) Importer(815301076,1909f56bfc062723c751e8b465ee728b)
Start importing Assets/Plugins/Android/launcherTemplate.gradle using Guid(36f64192ad0d676408ecf36a086256ec) Importer(815301076,1909f56bfc062723c751e8b465ee728b)  -> (artifact id: '982979fd4a04aeeb67fd4f4b176985cd') in 0.047885 seconds
  Import took 0.050408 seconds .

========================================================================
Received Import Request.
  Time since last request: 30.503193 seconds.
  path: Assets/Plugins/Android
  artifactKey: Guid(213152973967dc34c9e3e6c5e31d61ee) Importer(815301076,1909f56bfc062723c751e8b465ee728b)
Start importing Assets/Plugins/Android using Guid(213152973967dc34c9e3e6c5e31d61ee) Importer(815301076,1909f56bfc062723c751e8b465ee728b)  -> (artifact id: 'aa97f63469167a8fb17ea4c85dd939f0') in 0.005976 seconds
  Import took 0.008042 seconds .

========================================================================
Received Import Request.
  Time since last request: 1.236193 seconds.
  path: Assets/Plugins
  artifactKey: Guid(91fa504e78a35de4a8331260fb2cb744) Importer(815301076,1909f56bfc062723c751e8b465ee728b)
Start importing Assets/Plugins using Guid(91fa504e78a35de4a8331260fb2cb744) Importer(815301076,1909f56bfc062723c751e8b465ee728b)  -> (artifact id: '2dea8ad3a1719c70a9cb07df380f0728') in 0.006824 seconds
  Import took 0.009489 seconds .

========================================================================
Received Prepare
Refreshing native plugins compatible for Editor in 0.71 ms, found 0 plugins.
Preloading 0 native plugins for Editor in 0.00 ms.
Unloading 3 Unused Serialized files (Serialized files now loaded: 0)
System memory in use before: 37.6 MB.
System memory in use after: 37.7 MB.

Unloading 2 unused Assets to reduce memory usage. Loaded Objects now: 1863.
Total: 2.218900 ms (FindLiveObjects: 0.140800 ms CreateObjectMapping: 0.040400 ms MarkObjects: 2.026100 ms  DeleteObjects: 0.010900 ms)

AssetImportWorkerClient::OnTransportError - code=2 error=End of file
